<?xml version="1.0" encoding="UTF-8"?>
<testng-results ignored="0" total="0" passed="0" failed="0" skipped="0">
  <reporter-output>
  </reporter-output>
  <suite started-at="2022-02-23T18:42:45 UYT" name="TestBase" finished-at="2022-02-23T18:42:46 UYT" duration-ms="833">
    <groups>
    </groups>
    <test started-at="2022-02-23T18:42:45 UYT" name="Command line test" finished-at="2022-02-23T18:42:46 UYT" duration-ms="833">
      <class name="TestBase">
        <test-method is-config="true" signature="beforeTestMethod()[pri:0, instance:TestBase@4c583ecf]" started-at="2022-02-23T18:42:45 UYT" name="beforeTestMethod" finished-at="2022-02-23T18:42:46 UYT" duration-ms="370" status="PASS">
          <reporter-output>
          </reporter-output>
        </test-method> <!-- beforeTestMethod -->
        <test-method is-config="true" signature="afterTestTest()[pri:0, instance:TestBase@4c583ecf]" started-at="2022-02-23T18:42:46 UYT" name="afterTestTest" finished-at="2022-02-23T18:42:46 UYT" duration-ms="449" status="PASS">
          <reporter-output>
          </reporter-output>
        </test-method> <!-- afterTestTest -->
      </class> <!-- TestBase -->
    </test> <!-- Command line test -->
  </suite> <!-- TestBase -->
</testng-results>
